2019-04-12 14:50:10,978 INFO [org.springframework.test.context.support.DefaultTestContextBootstrapper] - Loaded default TestExecutionListener class names from location [META-INF/spring.factories]: [org.springframework.test.context.web.ServletTestExecutionListener, org.springframework.test.context.support.DirtiesContextBeforeModesTestExecutionListener, org.springframework.test.context.support.DependencyInjectionTestExecutionListener, org.springframework.test.context.support.DirtiesContextTestExecutionListener, org.springframework.test.context.transaction.TransactionalTestExecutionListener, org.springframework.test.context.jdbc.SqlScriptsTestExecutionListener]
2019-04-12 14:50:11,051 INFO [org.springframework.test.context.support.DefaultTestContextBootstrapper] - Using TestExecutionListeners: [org.springframework.test.context.web.ServletTestExecutionListener@2b98378d, org.springframework.test.context.support.DirtiesContextBeforeModesTestExecutionListener@475530b9, org.springframework.test.context.support.DependencyInjectionTestExecutionListener@1d057a39, org.springframework.test.context.support.DirtiesContextTestExecutionListener@26be92ad, org.springframework.test.context.transaction.TransactionalTestExecutionListener@4c70fda8, org.springframework.test.context.jdbc.SqlScriptsTestExecutionListener@224edc67]
2019-04-12 14:50:11,424 INFO [org.springframework.beans.factory.xml.XmlBeanDefinitionReader] - Loading XML bean definitions from class path resource [spring-context.xml]
2019-04-12 14:50:13,050 INFO [org.springframework.beans.factory.xml.XmlBeanDefinitionReader] - Loading XML bean definitions from class path resource [spring-context-druid.xml]
2019-04-12 14:50:13,237 INFO [org.springframework.beans.factory.xml.XmlBeanDefinitionReader] - Loading XML bean definitions from class path resource [spring-context-mybatis.xml]
2019-04-12 14:50:13,419 INFO [org.springframework.context.support.GenericApplicationContext] - Refreshing org.springframework.context.support.GenericApplicationContext@148080bb: startup date [Fri Apr 12 14:50:13 CST 2019]; root of context hierarchy
2019-04-12 14:50:15,525 INFO [com.alibaba.druid.pool.DruidDataSource] - {dataSource-1} inited
2019-04-12 14:50:16,629 INFO [org.springframework.context.support.GenericApplicationContext] - Closing org.springframework.context.support.GenericApplicationContext@148080bb: startup date [Fri Apr 12 14:50:13 CST 2019]; root of context hierarchy
2019-04-12 14:50:16,637 INFO [com.alibaba.druid.pool.DruidDataSource] - {dataSource-1} closed
2019-04-12 22:05:31,983 INFO [org.springframework.test.context.support.DefaultTestContextBootstrapper] - Loaded default TestExecutionListener class names from location [META-INF/spring.factories]: [org.springframework.test.context.web.ServletTestExecutionListener, org.springframework.test.context.support.DirtiesContextBeforeModesTestExecutionListener, org.springframework.test.context.support.DependencyInjectionTestExecutionListener, org.springframework.test.context.support.DirtiesContextTestExecutionListener, org.springframework.test.context.transaction.TransactionalTestExecutionListener, org.springframework.test.context.jdbc.SqlScriptsTestExecutionListener]
2019-04-12 22:05:32,018 INFO [org.springframework.test.context.support.DefaultTestContextBootstrapper] - Using TestExecutionListeners: [org.springframework.test.context.web.ServletTestExecutionListener@2b98378d, org.springframework.test.context.support.DirtiesContextBeforeModesTestExecutionListener@475530b9, org.springframework.test.context.support.DependencyInjectionTestExecutionListener@1d057a39, org.springframework.test.context.support.DirtiesContextTestExecutionListener@26be92ad, org.springframework.test.context.transaction.TransactionalTestExecutionListener@4c70fda8, org.springframework.test.context.jdbc.SqlScriptsTestExecutionListener@224edc67]
2019-04-12 22:05:32,296 INFO [org.springframework.beans.factory.xml.XmlBeanDefinitionReader] - Loading XML bean definitions from class path resource [spring-context.xml]
2019-04-12 22:05:32,720 INFO [org.springframework.beans.factory.xml.XmlBeanDefinitionReader] - Loading XML bean definitions from class path resource [spring-context-druid.xml]
2019-04-12 22:05:32,815 INFO [org.springframework.beans.factory.xml.XmlBeanDefinitionReader] - Loading XML bean definitions from class path resource [spring-context-mybatis.xml]
2019-04-12 22:05:32,859 INFO [org.springframework.context.support.GenericApplicationContext] - Refreshing org.springframework.context.support.GenericApplicationContext@148080bb: startup date [Fri Apr 12 22:05:32 CST 2019]; root of context hierarchy
2019-04-12 22:05:34,811 INFO [com.alibaba.druid.pool.DruidDataSource] - {dataSource-1} inited
2019-04-12 22:05:35,505 INFO [org.springframework.beans.factory.xml.XmlBeanDefinitionReader] - Loading XML bean definitions from class path resource [org/springframework/jdbc/support/sql-error-codes.xml]
2019-04-12 22:05:35,550 INFO [org.springframework.jdbc.support.SQLErrorCodesFactory] - SQLErrorCodes loaded: [DB2, Derby, H2, HDB, HSQL, Informix, MS-SQL, MySQL, Oracle, PostgreSQL, Sybase]
2019-04-12 22:05:35,593 INFO [org.springframework.context.support.GenericApplicationContext] - Closing org.springframework.context.support.GenericApplicationContext@148080bb: startup date [Fri Apr 12 22:05:32 CST 2019]; root of context hierarchy
2019-04-12 22:05:35,603 INFO [com.alibaba.druid.pool.DruidDataSource] - {dataSource-1} closed
2019-04-12 22:26:01,164 INFO [org.springframework.test.context.support.DefaultTestContextBootstrapper] - Loaded default TestExecutionListener class names from location [META-INF/spring.factories]: [org.springframework.test.context.web.ServletTestExecutionListener, org.springframework.test.context.support.DirtiesContextBeforeModesTestExecutionListener, org.springframework.test.context.support.DependencyInjectionTestExecutionListener, org.springframework.test.context.support.DirtiesContextTestExecutionListener, org.springframework.test.context.transaction.TransactionalTestExecutionListener, org.springframework.test.context.jdbc.SqlScriptsTestExecutionListener]
2019-04-12 22:26:01,208 INFO [org.springframework.test.context.support.DefaultTestContextBootstrapper] - Using TestExecutionListeners: [org.springframework.test.context.web.ServletTestExecutionListener@2133814f, org.springframework.test.context.support.DirtiesContextBeforeModesTestExecutionListener@4c15e7fd, org.springframework.test.context.support.DependencyInjectionTestExecutionListener@23986957, org.springframework.test.context.support.DirtiesContextTestExecutionListener@23f7d05d, org.springframework.test.context.transaction.TransactionalTestExecutionListener@1e730495, org.springframework.test.context.jdbc.SqlScriptsTestExecutionListener@7d3a22a9]
2019-04-12 22:26:01,414 INFO [org.springframework.beans.factory.xml.XmlBeanDefinitionReader] - Loading XML bean definitions from class path resource [spring-context.xml]
2019-04-12 22:26:01,962 INFO [org.springframework.beans.factory.xml.XmlBeanDefinitionReader] - Loading XML bean definitions from class path resource [spring-context-druid.xml]
2019-04-12 22:26:02,067 INFO [org.springframework.beans.factory.xml.XmlBeanDefinitionReader] - Loading XML bean definitions from class path resource [spring-context-mybatis.xml]
2019-04-12 22:26:02,303 INFO [org.springframework.context.support.GenericApplicationContext] - Refreshing org.springframework.context.support.GenericApplicationContext@2e4b8173: startup date [Fri Apr 12 22:26:02 CST 2019]; root of context hierarchy
2019-04-12 22:26:04,585 INFO [com.alibaba.druid.pool.DruidDataSource] - {dataSource-1} inited
2019-04-12 22:26:05,758 INFO [org.springframework.beans.factory.xml.XmlBeanDefinitionReader] - Loading XML bean definitions from class path resource [org/springframework/jdbc/support/sql-error-codes.xml]
2019-04-12 22:26:05,865 INFO [org.springframework.jdbc.support.SQLErrorCodesFactory] - SQLErrorCodes loaded: [DB2, Derby, H2, HDB, HSQL, Informix, MS-SQL, MySQL, Oracle, PostgreSQL, Sybase]
2019-04-12 22:26:05,916 INFO [org.springframework.context.support.GenericApplicationContext] - Closing org.springframework.context.support.GenericApplicationContext@2e4b8173: startup date [Fri Apr 12 22:26:02 CST 2019]; root of context hierarchy
2019-04-12 22:26:05,927 INFO [com.alibaba.druid.pool.DruidDataSource] - {dataSource-1} closed
